  erelia_chunk.cpp
  erelia_engine.cpp
  erelia_entity.cpp
  erelia_map.cpp
  erelia_player.cpp
  erelia_world_object.cpp
  erelia_chunk_shader.cpp
  erelia_application.cpp
  erelia_editor_gamemode.cpp
  main.cpp
  erelia_editor_interact_controller.cpp
  erelia_editor_inventory.cpp
C:\Users\Hywa\source\repos\Erelia\Erelia\srcs\Widget\erelia_editor_inventory.cpp(179,18): warning C4018: '>=': signed/unsigned mismatch
  erelia_entity_renderer.cpp
  erelia_entity_updater.cpp
  erelia_map_renderer.cpp
  erelia_player_controller.cpp
  Generating Code...
LINK : warning LNK4075: ignoring '/INCREMENTAL' due to '/PROFILE' specification
erelia_chunk.obj : warning LNK4075: ignoring '/EDITANDCONTINUE' due to '/OPT:REF' specification
LINK : warning LNK4098: defaultlib 'LIBCMT' conflicts with use of other libs; use /NODEFAULTLIB:library
erelia_chunk.obj : error LNK2019: unresolved external symbol "struct jgl::Vector2_base<float,0> __cdecl jgl::convert_screen_to_opengl(struct jgl::Vector2_base<int,0>)" (?convert_screen_to_opengl@jgl@@YA?AU?$Vector2_base@M$0A@@1@U?$Vector2_base@H$0A@@1@@Z) referenced in function "private: void __cdecl Chunk::_bake_points(void)" (?_bake_points@Chunk@@AEAAXXZ)
erelia_application.obj : error LNK2019: unresolved external symbol "public: __cdecl jgl::Sprite_sheet::Sprite_sheet(class jgl::String,struct jgl::Vector2_base<unsigned int,0>)" (??0Sprite_sheet@jgl@@QEAA@VString@1@U?$Vector2_base@I$0A@@1@@Z) referenced in function "public: __cdecl Main_application::Main_application(class jgl::Widget *)" (??0Main_application@@QEAA@PEAVWidget@jgl@@@Z)
erelia_editor_interact_controller.obj : error LNK2019: unresolved external symbol "public: bool __cdecl jgl::Widget::is_pointed(void)" (?is_pointed@Widget@jgl@@QEAA_NXZ) referenced in function "private: virtual bool __cdecl Editor_interact_controller::_update(void)" (?_update@Editor_interact_controller@@EEAA_NXZ)
erelia_editor_inventory.obj : error LNK2001: unresolved external symbol "public: bool __cdecl jgl::Widget::is_pointed(void)" (?is_pointed@Widget@jgl@@QEAA_NXZ)
erelia_editor_interact_controller.obj : error LNK2019: unresolved external symbol "protected: void __cdecl jgl::Widget_component::Text_label::_recalc(void)" (?_recalc@Text_label@Widget_component@jgl@@IEAAXXZ) referenced in function "public: void __cdecl jgl::Widget_component::Text_label::set_horizontal_align(enum jgl::Horizontal_alignment)" (?set_horizontal_align@Text_label@Widget_component@jgl@@QEAAXW4Horizontal_alignment@3@@Z)
erelia_editor_inventory.obj : error LNK2001: unresolved external symbol "protected: void __cdecl jgl::Widget_component::Text_label::_recalc(void)" (?_recalc@Text_label@Widget_component@jgl@@IEAAXXZ)
erelia_editor_interact_controller.obj : error LNK2019: unresolved external symbol "public: void __cdecl jgl::Widget_component::Text_label::set_text_size(unsigned int)" (?set_text_size@Text_label@Widget_component@jgl@@QEAAXI@Z) referenced in function "private: virtual void __cdecl Editor_interact_controller::_on_geometry_change(void)" (?_on_geometry_change@Editor_interact_controller@@EEAAXXZ)
erelia_editor_interact_controller.obj : error LNK2019: unresolved external symbol "public: void __cdecl jgl::Widget_component::Text_label::set_text(class jgl::String)" (?set_text@Text_label@Widget_component@jgl@@QEAAXVString@3@@Z) referenced in function "public: __cdecl Editor_interact_controller::Editor_interact_controller(class Engine *,class jgl::Widget *)" (??0Editor_interact_controller@@QEAA@PEAVEngine@@PEAVWidget@jgl@@@Z)
erelia_editor_inventory.obj : error LNK2001: unresolved external symbol "public: void __cdecl jgl::Widget_component::Text_label::set_text(class jgl::String)" (?set_text@Text_label@Widget_component@jgl@@QEAAXVString@3@@Z)
erelia_editor_interact_controller.obj : error LNK2019: unresolved external symbol "public: __cdecl jgl::Button::Button(class std::function<void __cdecl(class jgl::Data_contener)>,class jgl::Data_contener,class jgl::Widget *)" (??0Button@jgl@@QEAA@V?$function@$$A6AXVData_contener@jgl@@@Z@std@@VData_contener@1@PEAVWidget@1@@Z) referenced in function "public: __cdecl Editor_interact_controller::Editor_interact_controller(class Engine *,class jgl::Widget *)" (??0Editor_interact_controller@@QEAA@PEAVEngine@@PEAVWidget@jgl@@@Z)
erelia_editor_inventory.obj : error LNK2001: unresolved external symbol "public: __cdecl jgl::Button::Button(class std::function<void __cdecl(class jgl::Data_contener)>,class jgl::Data_contener,class jgl::Widget *)" (??0Button@jgl@@QEAA@V?$function@$$A6AXVData_contener@jgl@@@Z@std@@VData_contener@1@PEAVWidget@1@@Z)
erelia_editor_interact_controller.obj : error LNK2019: unresolved external symbol "public: void __cdecl jgl::Button::define_action(class std::function<void __cdecl(class jgl::Data_contener)>,class jgl::Data_contener)" (?define_action@Button@jgl@@QEAAXV?$function@$$A6AXVData_contener@jgl@@@Z@std@@VData_contener@2@@Z) referenced in function "private: virtual void __cdecl Editor_interact_controller::_on_geometry_change(void)" (?_on_geometry_change@Editor_interact_controller@@EEAAXXZ)
erelia_editor_interact_controller.obj : error LNK2019: unresolved external symbol "public: __cdecl jgl::Text_label::Text_label(class jgl::String,class jgl::Widget *)" (??0Text_label@jgl@@QEAA@VString@1@PEAVWidget@1@@Z) referenced in function "public: __cdecl Editor_interact_controller::Editor_interact_controller(class Engine *,class jgl::Widget *)" (??0Editor_interact_controller@@QEAA@PEAVEngine@@PEAVWidget@jgl@@@Z)
erelia_editor_inventory.obj : error LNK2001: unresolved external symbol "public: __cdecl jgl::Text_label::Text_label(class jgl::String,class jgl::Widget *)" (??0Text_label@jgl@@QEAA@VString@1@PEAVWidget@1@@Z)
erelia_editor_inventory.obj : error LNK2019: unresolved external symbol "public: void __cdecl jgl::Image::draw(struct jgl::Vector2_base<int,0>,struct jgl::Vector2_base<unsigned int,0>,struct jgl::Vector2_base<float,0>,struct jgl::Vector2_base<float,0>,float,float)" (?draw@Image@jgl@@QEAAXU?$Vector2_base@H$0A@@2@U?$Vector2_base@I$0A@@2@U?$Vector2_base@M$0A@@2@2MM@Z) referenced in function "private: virtual void __cdecl Editor_inventory::_render(void)" (?_render@Editor_inventory@@EEAAXXZ)
erelia_editor_inventory.obj : error LNK2019: unresolved external symbol "public: __cdecl jgl::Image_output::Image_output(struct jgl::Vector2_base<unsigned int,0>)" (??0Image_output@jgl@@QEAA@U?$Vector2_base@I$0A@@1@@Z) referenced in function "public: void __cdecl Editor_inventory::Inventory_page::compute(void)" (?compute@Inventory_page@Editor_inventory@@QEAAXXZ)
erelia_editor_inventory.obj : error LNK2019: unresolved external symbol "public: void __cdecl jgl::Image_output::associate(void)" (?associate@Image_output@jgl@@QEAAXXZ) referenced in function "public: void __cdecl Editor_inventory::Inventory_page::compute(void)" (?compute@Inventory_page@Editor_inventory@@QEAAXXZ)
erelia_editor_inventory.obj : error LNK2019: unresolved external symbol "public: void __cdecl jgl::Image_output::desassociate(void)" (?desassociate@Image_output@jgl@@QEAAXXZ) referenced in function "public: void __cdecl Editor_inventory::Inventory_page::compute(void)" (?compute@Inventory_page@Editor_inventory@@QEAAXXZ)
erelia_editor_inventory.obj : error LNK2019: unresolved external symbol "public: class jgl::Image * __cdecl jgl::Image_output::save(void)" (?save@Image_output@jgl@@QEAAPEAVImage@2@XZ) referenced in function "public: void __cdecl Editor_inventory::Inventory_page::compute(void)" (?compute@Inventory_page@Editor_inventory@@QEAAXXZ)
erelia_editor_inventory.obj : error LNK2019: unresolved external symbol "public: void __cdecl jgl::Sprite_sheet::draw(struct jgl::Vector2_base<int,0>,struct jgl::Vector2_base<int,0>,struct jgl::Vector2_base<unsigned int,0>,float,float)" (?draw@Sprite_sheet@jgl@@QEAAXU?$Vector2_base@H$0A@@2@0U?$Vector2_base@I$0A@@2@MM@Z) referenced in function "public: void __cdecl Editor_inventory::Inventory_page::compute(void)" (?compute@Inventory_page@Editor_inventory@@QEAAXXZ)
erelia_editor_inventory.obj : error LNK2019: unresolved external symbol "private: void __cdecl jgl::Widget_component::Box::_compute_texture(void)" (?_compute_texture@Box@Widget_component@jgl@@AEAAXXZ) referenced in function "public: void __cdecl jgl::Widget_component::Box::set_angle_size(int)" (?set_angle_size@Box@Widget_component@jgl@@QEAAXH@Z)
erelia_editor_inventory.obj : error LNK2019: unresolved external symbol "public: __cdecl jgl::Widget_component::Box::Box(class jgl::Widget *)" (??0Box@Widget_component@jgl@@QEAA@PEAVWidget@2@@Z) referenced in function "public: __cdecl Editor_inventory::Editor_inventory(class jgl::Widget *)" (??0Editor_inventory@@QEAA@PEAVWidget@jgl@@@Z)
erelia_editor_inventory.obj : error LNK2019: unresolved external symbol "public: void __cdecl jgl::Widget_component::Box::set_geometry(struct jgl::Vector2_base<int,0>,struct jgl::Vector2_base<int,0>,float)" (?set_geometry@Box@Widget_component@jgl@@QEAAXU?$Vector2_base@H$0A@@3@0M@Z) referenced in function "private: virtual void __cdecl Editor_inventory::_on_geometry_change(void)" (?_on_geometry_change@Editor_inventory@@EEAAXXZ)
erelia_editor_inventory.obj : error LNK2019: unresolved external symbol "public: void __cdecl jgl::Widget_component::Box::render(void)" (?render@Box@Widget_component@jgl@@QEAAXXZ) referenced in function "private: virtual void __cdecl Editor_inventory::_render(void)" (?_render@Editor_inventory@@EEAAXXZ)
erelia_editor_inventory.obj : error LNK2019: unresolved external symbol "public: __cdecl jgl::Frame::Frame(struct jgl::Color,struct jgl::Color,class jgl::Widget *)" (??0Frame@jgl@@QEAA@UColor@1@0PEAVWidget@1@@Z) referenced in function "public: __cdecl Editor_inventory::Editor_inventory(class jgl::Widget *)" (??0Editor_inventory@@QEAA@PEAVWidget@jgl@@@Z)
C:\Users\Hywa\source\repos\Erelia\x64\Debug\Erelia.exe : fatal error LNK1120: 20 unresolved externals
