c:\users\hywa\source\repos\erelia\erelia\debug\vc142.pdb
c:\users\hywa\source\repos\erelia\erelia\debug\vc142.idb
c:\users\hywa\source\repos\erelia\erelia\debug\main.obj
c:\users\hywa\source\repos\erelia\erelia\debug\erelia_chunk_shader.obj
c:\users\hywa\source\repos\erelia\erelia\debug\erelia_application.obj
c:\users\hywa\source\repos\erelia\erelia\debug\erelia_player_controller.obj
c:\users\hywa\source\repos\erelia\erelia\debug\erelia_map_renderer.obj
c:\users\hywa\source\repos\erelia\erelia\debug\erelia_entity_updater.obj
c:\users\hywa\source\repos\erelia\erelia\debug\erelia_entity_renderer.obj
c:\users\hywa\source\repos\erelia\erelia\debug\erelia_editor_inventory.obj
c:\users\hywa\source\repos\erelia\erelia\debug\erelia_editor_interact_controller.obj
c:\users\hywa\source\repos\erelia\erelia\debug\erelia_editor_gamemode.obj
c:\users\hywa\source\repos\erelia\erelia\debug\erelia_world_object.obj
c:\users\hywa\source\repos\erelia\erelia\debug\erelia_player.obj
c:\users\hywa\source\repos\erelia\erelia\debug\erelia_map.obj
c:\users\hywa\source\repos\erelia\erelia\debug\erelia_entity.obj
c:\users\hywa\source\repos\erelia\erelia\debug\erelia_engine.obj
c:\users\hywa\source\repos\erelia\erelia\debug\erelia_chunk.obj
c:\users\hywa\source\repos\erelia\erelia\debug\erelia_editor_inventory_page.obj
c:\users\hywa\source\repos\erelia\debug\erelia.exe
c:\users\hywa\source\repos\erelia\debug\erelia.pdb
c:\users\hywa\source\repos\erelia\erelia\debug\erelia.tlog\cl.command.1.tlog
c:\users\hywa\source\repos\erelia\erelia\debug\erelia.tlog\cl.read.1.tlog
c:\users\hywa\source\repos\erelia\erelia\debug\erelia.tlog\cl.write.1.tlog
c:\users\hywa\source\repos\erelia\erelia\debug\erelia.tlog\link.command.1.tlog
c:\users\hywa\source\repos\erelia\erelia\debug\erelia.tlog\link.read.1.tlog
c:\users\hywa\source\repos\erelia\erelia\debug\erelia.tlog\link.write.1.tlog
